[0m00:45:27.509548 [debug] [MainThread]: Sending event: {'category': 'dbt', 'action': 'invocation', 'label': 'start', 'context': [<snowplow_tracker.self_describing_json.SelfDescribingJson object at 0x000001F678A31790>, <snowplow_tracker.self_describing_json.SelfDescribingJson object at 0x000001F67CA28D60>, <snowplow_tracker.self_describing_json.SelfDescribingJson object at 0x000001F67CA28B80>]}


============================== 00:45:27.514557 | 1a17eaf4-782d-4d61-90bf-e60c7f780bcf ==============================
[0m00:45:27.514557 [info ] [MainThread]: Running with dbt=1.6.6
[0m00:45:27.516558 [debug] [MainThread]: running dbt with arguments {'printer_width': '80', 'indirect_selection': 'eager', 'write_json': 'True', 'log_cache_events': 'False', 'partial_parse': 'True', 'cache_selected_only': 'False', 'warn_error': 'None', 'version_check': 'True', 'fail_fast': 'False', 'log_path': 'logs', 'profiles_dir': 'C:\\Users\\asmak\\.dbt', 'debug': 'False', 'use_colors': 'True', 'use_experimental_parser': 'False', 'no_print': 'None', 'quiet': 'False', 'log_format': 'default', 'invocation_command': 'dbt init', 'warn_error_options': 'WarnErrorOptions(include=[], exclude=[])', 'introspect': 'True', 'target_path': 'None', 'static_parser': 'True', 'send_anonymous_usage_stats': 'True'}
[0m00:45:27.517562 [warn ] [MainThread]: [ConfigFolderDirectory]: Unable to parse dict {'dir': WindowsPath('C:/Users/asmak/.dbt')}
[0m00:45:27.518625 [info ] [MainThread]: Creating dbt configuration folder at 
[0m00:45:39.873287 [debug] [MainThread]: Starter project path: d:\dbt-dev\env\lib\site-packages\dbt\include\starter_project
[0m00:45:40.138355 [info ] [MainThread]: 
Your new dbt project "bde" was created!

For more information on how to configure the profiles.yml file,
please consult the dbt documentation here:

  https://docs.getdbt.com/docs/configure-your-profile

One more thing:

Need help? Don't hesitate to reach out to us via GitHub issues or on Slack:

  https://community.getdbt.com/

Happy modeling!

[0m00:45:40.141887 [info ] [MainThread]: Setting up your profile.
[0m00:45:51.335476 [info ] [MainThread]: Profile bde written to C:\Users\asmak\.dbt\profiles.yml using target's sample configuration. Once updated, you'll be able to start developing with dbt.
[0m00:45:51.338498 [debug] [MainThread]: Command `dbt init` succeeded at 00:45:51.337450 after 23.86 seconds
[0m00:45:51.338498 [debug] [MainThread]: Sending event: {'category': 'dbt', 'action': 'invocation', 'label': 'end', 'context': [<snowplow_tracker.self_describing_json.SelfDescribingJson object at 0x000001F678A31790>, <snowplow_tracker.self_describing_json.SelfDescribingJson object at 0x000001F67CA3A5E0>, <snowplow_tracker.self_describing_json.SelfDescribingJson object at 0x000001F67CA28C70>]}
[0m00:45:51.339480 [debug] [MainThread]: Flushing usage events
